2019-06-03T12:34:54+00:00 DEBUG ---[ New Import ] PHP Memory: 256 MB, WP Memory: 40 MB
2019-06-03T12:34:54+00:00 DEBUG Parsing products CSV.
2019-06-03T12:34:54+00:00 DEBUG Finished parsing products CSV.
2019-06-03T12:34:54+00:00 DEBUG ---
2019-06-03T12:34:54+00:00 DEBUG Processing products.
2019-06-03T12:34:54+00:00 DEBUG > Row 1 - preparing for import.
2019-06-03T12:34:54+00:00 DEBUG > &#8220;Glass straight-line double edging machine SM 26&#8221;Product with same ID already exists.
2019-06-03T12:34:54+00:00 DEBUG > Row 2 - preparing for import.
2019-06-03T12:34:54+00:00 DEBUG > &#8220;206&#8221; ID already exists.
2019-06-03T12:34:54+00:00 DEBUG > Row 3 - preparing for import.
2019-06-03T12:34:54+00:00 DEBUG > &#8220;211&#8221; ID already exists.
2019-06-03T12:34:54+00:00 DEBUG > Row 4 - preparing for import.
2019-06-03T12:34:54+00:00 DEBUG > Inserting High speed double edging machine SM 10
2019-06-03T12:34:54+00:00 DEBUG > Inserted - post ID is 213.
2019-06-03T12:34:54+00:00 DEBUG > > Importing image "http://localhost/machines/wp-content/uploads/2019/06/15269582755729.jpg"
2019-06-03T12:34:54+00:00 DEBUG > > Error importing image "http://localhost/machines/wp-content/uploads/2019/06/15269582755729.jpg"
2019-06-03T12:34:54+00:00 DEBUG > > Error getting remote image
2019-06-03T12:34:54+00:00 DEBUG > > Images set
2019-06-03T12:34:54+00:00 DEBUG > Finished importing post ID 213.
2019-06-03T12:34:54+00:00 DEBUG > Row 5 - preparing for import.
2019-06-03T12:34:54+00:00 DEBUG > Inserting High speed double edging production line SM 10
2019-06-03T12:34:54+00:00 DEBUG > Inserted - post ID is 218.
2019-06-03T12:34:54+00:00 DEBUG > > Importing image "http://localhost/machines/wp-content/uploads/2019/06/15221517528472.jpg"
2019-06-03T12:34:54+00:00 DEBUG > > Error importing image "http://localhost/machines/wp-content/uploads/2019/06/15221517528472.jpg"
2019-06-03T12:34:54+00:00 DEBUG > > Error getting remote image
2019-06-03T12:34:54+00:00 DEBUG > > Images set
2019-06-03T12:34:54+00:00 DEBUG > Finished importing post ID 218.
2019-06-03T12:34:54+00:00 DEBUG > Row 6 - preparing for import.
2019-06-03T12:34:54+00:00 DEBUG > Inserting Glass straight-line double round edging machine SM 12/08
2019-06-03T12:34:54+00:00 DEBUG > Inserted - post ID is 219.
2019-06-03T12:34:54+00:00 DEBUG > > Importing image "http://localhost/machines/wp-content/uploads/2019/06/15223115393812.jpg"
2019-06-03T12:34:54+00:00 DEBUG > > Error importing image "http://localhost/machines/wp-content/uploads/2019/06/15223115393812.jpg"
2019-06-03T12:34:54+00:00 DEBUG > > Error getting remote image
2019-06-03T12:34:54+00:00 DEBUG > > Images set
2019-06-03T12:34:54+00:00 DEBUG > Finished importing post ID 219.
2019-06-03T12:34:54+00:00 DEBUG > Row 7 - preparing for import.
2019-06-03T12:34:54+00:00 DEBUG > Inserting Glass straight-line double edging machine SM 22
2019-06-03T12:34:55+00:00 DEBUG > Inserted - post ID is 221.
2019-06-03T12:34:55+00:00 DEBUG > > Importing image "http://localhost/machines/wp-content/uploads/2019/06/15221480647455.jpg"
2019-06-03T12:34:55+00:00 DEBUG > > Error importing image "http://localhost/machines/wp-content/uploads/2019/06/15221480647455.jpg"
2019-06-03T12:34:55+00:00 DEBUG > > Error getting remote image
2019-06-03T12:34:55+00:00 DEBUG > > Images set
2019-06-03T12:34:55+00:00 DEBUG > Finished importing post ID 221.
2019-06-03T12:34:55+00:00 DEBUG > Row 8 - preparing for import.
2019-06-03T12:34:55+00:00 DEBUG > Inserting Glass straight-line double edging machine SM 22
2019-06-03T12:34:55+00:00 DEBUG > Inserted - post ID is 222.
2019-06-03T12:34:55+00:00 DEBUG > > Importing image "http://localhost/machines/wp-content/uploads/2019/06/15221513483425.jpg"
2019-06-03T12:34:55+00:00 DEBUG > > Error importing image "http://localhost/machines/wp-content/uploads/2019/06/15221513483425.jpg"
2019-06-03T12:34:55+00:00 DEBUG > > Error getting remote image
2019-06-03T12:34:55+00:00 DEBUG > > Images set
2019-06-03T12:34:55+00:00 DEBUG > Finished importing post ID 222.
2019-06-03T12:34:55+00:00 DEBUG > Row 9 - preparing for import.
2019-06-03T12:34:55+00:00 DEBUG > Inserting Glass straight-line double edging machine SM 20
2019-06-03T12:34:55+00:00 DEBUG > Inserted - post ID is 224.
2019-06-03T12:34:55+00:00 DEBUG > > Importing image "http://localhost/machines/wp-content/uploads/2019/06/15221503523051.jpg"
2019-06-03T12:34:55+00:00 DEBUG > > Error importing image "http://localhost/machines/wp-content/uploads/2019/06/15221503523051.jpg"
2019-06-03T12:34:55+00:00 DEBUG > > Error getting remote image
2019-06-03T12:34:55+00:00 DEBUG > > Images set
2019-06-03T12:34:55+00:00 DEBUG > Finished importing post ID 224.
2019-06-03T12:34:55+00:00 DEBUG Finished processing products.
2019-06-03T12:34:57+00:00 DEBUG ---[ New Import ] PHP Memory: 256 MB, WP Memory: 40 MB
2019-06-03T12:34:57+00:00 DEBUG Parsing products CSV.
2019-06-03T12:34:57+00:00 DEBUG Finished parsing products CSV.
2019-06-03T12:34:57+00:00 DEBUG ---
2019-06-03T12:34:57+00:00 DEBUG Processing products.
2019-06-03T12:34:57+00:00 DEBUG > Row 1 - preparing for import.
2019-06-03T12:34:57+00:00 DEBUG > Inserting GLASS STRAIGHT-LINE DOUBLE EDGING MACHINE SM 26
2019-06-03T12:34:57+00:00 DEBUG > Inserted - post ID is 226.
2019-06-03T12:34:57+00:00 DEBUG > > Importing image "http://localhost/machines/wp-content/uploads/2019/06/15287973967655.jpg"
2019-06-03T12:34:57+00:00 DEBUG > > Error importing image "http://localhost/machines/wp-content/uploads/2019/06/15287973967655.jpg"
2019-06-03T12:34:57+00:00 DEBUG > > Error getting remote image
2019-06-03T12:34:57+00:00 DEBUG > > Images set
2019-06-03T12:34:57+00:00 DEBUG > Finished importing post ID 226.
2019-06-03T12:34:57+00:00 DEBUG > Row 2 - preparing for import.
2019-06-03T12:34:57+00:00 DEBUG > Inserting Glass straight-line beveling machine XM363A
2019-06-03T12:34:57+00:00 DEBUG > Inserted - post ID is 228.
2019-06-03T12:34:57+00:00 DEBUG > Finished importing post ID 228.
2019-06-03T12:34:57+00:00 DEBUG > Row 3 - preparing for import.
2019-06-03T12:34:57+00:00 DEBUG > Inserting Glass straight line beveling machine XM371
2019-06-03T12:34:57+00:00 DEBUG > Inserted - post ID is 230.
2019-06-03T12:34:58+00:00 DEBUG > > Importing image "http://localhost/machines/wp-content/uploads/2019/06/15221489526886.jpg"
2019-06-03T12:34:58+00:00 DEBUG > > Error importing image "http://localhost/machines/wp-content/uploads/2019/06/15221489526886.jpg"
2019-06-03T12:34:58+00:00 DEBUG > > Error getting remote image
2019-06-03T12:34:58+00:00 DEBUG > > Images set
2019-06-03T12:34:58+00:00 DEBUG > Finished importing post ID 230.
2019-06-03T12:34:58+00:00 DEBUG > Row 4 - preparing for import.
2019-06-03T12:34:58+00:00 DEBUG > Inserting GLASS STRAIGHT-LINE BEVELING MACHINE XM351
2019-06-03T12:34:58+00:00 DEBUG > Inserted - post ID is 232.
2019-06-03T12:34:58+00:00 DEBUG > > Importing image "http://localhost/machines/wp-content/uploads/2019/06/15220651732532.jpg"
2019-06-03T12:34:58+00:00 DEBUG > > Error importing image "http://localhost/machines/wp-content/uploads/2019/06/15220651732532.jpg"
2019-06-03T12:34:58+00:00 DEBUG > > Error getting remote image
2019-06-03T12:34:58+00:00 DEBUG > > Images set
2019-06-03T12:34:58+00:00 DEBUG > Finished importing post ID 232.
2019-06-03T12:34:58+00:00 DEBUG > Row 5 - preparing for import.
2019-06-03T12:34:58+00:00 DEBUG > Inserting Glass straight-line beveling machine XM351A
2019-06-03T12:34:58+00:00 DEBUG > Inserted - post ID is 234.
2019-06-03T12:34:58+00:00 DEBUG > > Importing image "http://localhost/machines/wp-content/uploads/2019/06/15220651004501.jpg"
2019-06-03T12:34:58+00:00 DEBUG > > Error importing image "http://localhost/machines/wp-content/uploads/2019/06/15220651004501.jpg"
2019-06-03T12:34:58+00:00 DEBUG > > Error getting remote image
2019-06-03T12:34:58+00:00 DEBUG > > Images set
2019-06-03T12:34:58+00:00 DEBUG > Finished importing post ID 234.
2019-06-03T12:34:58+00:00 DEBUG > Row 6 - preparing for import.
2019-06-03T12:34:58+00:00 DEBUG > Inserting Glass straight-line pencil edging machine ZM7Y
2019-06-03T12:34:58+00:00 DEBUG > Inserted - post ID is 236.
2019-06-03T12:34:58+00:00 DEBUG > > Importing image "http://localhost/machines/wp-content/uploads/2019/06/15222226377832.jpg"
2019-06-03T12:34:58+00:00 DEBUG > > Error importing image "http://localhost/machines/wp-content/uploads/2019/06/15222226377832.jpg"
2019-06-03T12:34:58+00:00 DEBUG > > Error getting remote image
2019-06-03T12:34:58+00:00 DEBUG > > Images set
2019-06-03T12:34:58+00:00 DEBUG > Finished importing post ID 236.
2019-06-03T12:34:58+00:00 DEBUG > Row 7 - preparing for import.
2019-06-03T12:34:58+00:00 DEBUG > Inserting Glass straight-line edging machine ZM9
2019-06-03T12:34:58+00:00 DEBUG > Inserted - post ID is 239.
2019-06-03T12:34:59+00:00 DEBUG > > Importing image "http://localhost/machines/wp-content/uploads/2019/06/15222233295246.jpg"
2019-06-03T12:34:59+00:00 DEBUG > > Error importing image "http://localhost/machines/wp-content/uploads/2019/06/15222233295246.jpg"
2019-06-03T12:34:59+00:00 DEBUG > > Error getting remote image
2019-06-03T12:34:59+00:00 DEBUG > > Images set
2019-06-03T12:34:59+00:00 DEBUG > Finished importing post ID 239.
2019-06-03T12:34:59+00:00 DEBUG > Row 8 - preparing for import.
2019-06-03T12:34:59+00:00 DEBUG > Inserting Glass straight-line pencil edging machine ZM4Y
2019-06-03T12:34:59+00:00 DEBUG > Inserted - post ID is 242.
2019-06-03T12:34:59+00:00 DEBUG > > Importing image "http://localhost/machines/wp-content/uploads/2019/06/5.jpg"
2019-06-03T12:34:59+00:00 DEBUG > > Error importing image "http://localhost/machines/wp-content/uploads/2019/06/5.jpg"
2019-06-03T12:34:59+00:00 DEBUG > > Error getting remote image
2019-06-03T12:34:59+00:00 DEBUG > > Images set
2019-06-03T12:34:59+00:00 DEBUG > Finished importing post ID 242.
2019-06-03T12:34:59+00:00 DEBUG > Row 9 - preparing for import.
2019-06-03T12:34:59+00:00 DEBUG > Inserting Glass straight-line edging machine ZM11
2019-06-03T12:34:59+00:00 DEBUG > Inserted - post ID is 243.
2019-06-03T12:35:00+00:00 DEBUG > > Importing image "http://localhost/machines/wp-content/uploads/2019/06/15222240599217.jpg"
2019-06-03T12:35:00+00:00 DEBUG > > Error importing image "http://localhost/machines/wp-content/uploads/2019/06/15222240599217.jpg"
2019-06-03T12:35:00+00:00 DEBUG > > Error getting remote image
2019-06-03T12:35:00+00:00 DEBUG > > Images set
2019-06-03T12:35:00+00:00 DEBUG > Finished importing post ID 243.
2019-06-03T12:35:00+00:00 DEBUG > Row 10 - preparing for import.
2019-06-03T12:35:00+00:00 DEBUG > Inserting Glass variable miter machine ZM9J
2019-06-03T12:35:00+00:00 DEBUG > Inserted - post ID is 245.
2019-06-03T12:35:00+00:00 DEBUG > > Importing image "http://localhost/machines/wp-content/uploads/2019/06/1-1.jpg"
2019-06-03T12:35:00+00:00 DEBUG > > Error importing image "http://localhost/machines/wp-content/uploads/2019/06/1-1.jpg"
2019-06-03T12:35:00+00:00 DEBUG > > Error getting remote image
2019-06-03T12:35:00+00:00 DEBUG > > Images set
2019-06-03T12:35:00+00:00 DEBUG > Finished importing post ID 245.
2019-06-03T12:35:00+00:00 DEBUG Finished processing products.
2019-06-03T12:35:02+00:00 DEBUG ---[ New Import ] PHP Memory: 256 MB, WP Memory: 40 MB
2019-06-03T12:35:02+00:00 DEBUG Parsing products CSV.
2019-06-03T12:35:02+00:00 DEBUG Finished parsing products CSV.
2019-06-03T12:35:02+00:00 DEBUG ---
2019-06-03T12:35:02+00:00 DEBUG Processing products.
2019-06-03T12:35:02+00:00 DEBUG > Row 1 - preparing for import.
2019-06-03T12:35:02+00:00 DEBUG > Inserting Glass variable miter machine ZM11J
2019-06-03T12:35:02+00:00 DEBUG > Inserted - post ID is 247.
2019-06-03T12:35:02+00:00 DEBUG > > Importing image "http://localhost/machines/wp-content/uploads/2019/06/2-1.jpg"
2019-06-03T12:35:02+00:00 DEBUG > > Error importing image "http://localhost/machines/wp-content/uploads/2019/06/2-1.jpg"
2019-06-03T12:35:02+00:00 DEBUG > > Error getting remote image
2019-06-03T12:35:02+00:00 DEBUG > > Images set
2019-06-03T12:35:02+00:00 DEBUG > Finished importing post ID 247.
2019-06-03T12:35:02+00:00 DEBUG > Row 2 - preparing for import.
2019-06-03T12:35:02+00:00 DEBUG > Inserting Glass Straight-Line Edging Machine ZM10W
2019-06-03T12:35:02+00:00 DEBUG > Inserted - post ID is 249.
2019-06-03T12:35:03+00:00 DEBUG > > Importing image "http://localhost/machines/wp-content/uploads/2019/06/3-1.jpg"
2019-06-03T12:35:03+00:00 DEBUG > > Error importing image "http://localhost/machines/wp-content/uploads/2019/06/3-1.jpg"
2019-06-03T12:35:03+00:00 DEBUG > > Error getting remote image
2019-06-03T12:35:03+00:00 DEBUG > > Images set
2019-06-03T12:35:03+00:00 DEBUG > Finished importing post ID 249.
2019-06-03T12:35:03+00:00 DEBUG Finished processing products.
